<?xml version="1.0" encoding="UTF-8"?>
<!-- Generated by org.testng.reporters.JUnitXMLReporter -->
<testsuite hostname="BQ-DEV-CN03" ignored="0" name="Default test" tests="3" failures="0" timestamp="12 Oct 2018 18:10:21 GMT" time="49.016" errors="0">
  <testcase name="LoginPageTitleTest" time="0.031" classname="com.Guru99.testcases.LoginPageTestCases"/>
  <testcase name="LoginPageLogoTest" time="0.106" classname="com.Guru99.testcases.LoginPageTestCases"/>
  <testcase name="LoginPageLoginTest" time="10.565" classname="com.Guru99.testcases.LoginPageTestCases"/>
</testsuite> <!-- Default test -->
