<?xml version="1.0" encoding="UTF-8"?>
<!-- Generated by org.testng.reporters.JUnitXMLReporter -->
<testsuite hostname="BQ-DEV-CN03" ignored="0" name="Test" tests="6" failures="2" timestamp="12 Oct 2018 18:22:35 GMT" time="97.806" errors="0">
  <testcase name="addNewCustomer" time="1.612" classname="com.Guru99.testcases.AddNewCustomerTestCases">
    <failure type="java.lang.AssertionError" message="Email Address Already Exist !! expected [true] but found [false]">
      <![CDATA[java.lang.AssertionError: Email Address Already Exist !! expected [true] but found [false]
at com.Guru99.testcases.AddNewCustomerTestCases.addNewCustomer(AddNewCustomerTestCases.java:49)
... Removed 28 stack frames]]>
    </failure>
  </testcase> <!-- addNewCustomer -->
  <testcase name="addNewCustomer" time="1.495" classname="com.Guru99.testcases.AddNewCustomerTestCases">
    <failure type="java.lang.AssertionError" message="Email Address Already Exist !! expected [true] but found [false]">
      <![CDATA[java.lang.AssertionError: Email Address Already Exist !! expected [true] but found [false]
at com.Guru99.testcases.AddNewCustomerTestCases.addNewCustomer(AddNewCustomerTestCases.java:49)
... Removed 28 stack frames]]>
    </failure>
  </testcase> <!-- addNewCustomer -->
  <testcase name="LoginPageLoginTest" time="10.307" classname="com.Guru99.testcases.LoginPageTestCases"/>
  <testcase name="LoginPageLogoTest" time="0.126" classname="com.Guru99.testcases.LoginPageTestCases"/>
  <testcase name="LoginPageTitleTest" time="0.024" classname="com.Guru99.testcases.LoginPageTestCases"/>
  <testcase name="testManagerId" time="0.06" classname="com.Guru99.testcases.ManagerPageTestCases"/>
</testsuite> <!-- Test -->
